diff --git a/ProjectAnalyze.sh b/ProjectAnalyze.sh
index e443f61..06f0fe2 100644
--- a/ProjectAnalyze.sh
+++ b/ProjectAnalyze.sh
@@ -2,6 +2,24 @@
 clear
 echo "Welcome To Project Analyzer. You are provided with some tools to analyze your current project. Enter the corresponding command to conduct each specific task. If you are not sure where to start with, try type HELP and help will be on your way :) "
 
+upToDate() {
+  git status
+}
+
+uncommittedChanges() {
+  git diff > changes.log
+}
+
+todos() {
+  grep -r --exclude={} "#TODO" > todo.log
+  # reference from https://gist.github.com/a1phanumeric/5346170 
+  # To find out how to use exclude flag with grep command 
+}
+:
+directErrors() {
+  ghc -fno-code "*.hs" &> error.log
+}
+
 ACTION=NOTSET
 while [ "$ACTION" != "quit" ] 
 do 
@@ -9,42 +27,21 @@ do
     if [ "$ACTION" = "HELP" ] 
     then 
          helpMenu
-    elif [ "$ACTION" = "state" ]  
-    then 
+    elif [ "$ACTION" = "state" ]
+    then  
          upToDate
-   elif [ "$ACTION" = "change" ]
-    then
-         uncommittedChanges
-   elif [ "$ACTION" = "change" ]
+    elif [ "$ACTION" = "change" ]
     then
          uncommittedChanges
-   elif [ "$ACTION" = "todo" ]
+    elif [ "$ACTION" = "todo" ]
     then
          todos
-   elif [ "$ACTION" = "error" ]
+    elif [ "$ACTION" = "error" ]
     then 
          directErrors
-   else
+    elif [ "$ACTION" != "quit" ]
+    then
          echo "Invalid Command. Please try another time"
+    fi 
 done 
 
-          
-
-upToDate() { 
-  git status 
-}
-
-uncommittedChanges() {
-  git diff > changes.log
-}
-
-todos() {
-  grep -r --exclude={} "#TODO" > todo.log
-  # reference from https://gist.github.com/a1phanumeric/5346170 
-  # To find out how to use exclude flag with grep command 
-}
-:
-directErrors() {
-  ghc -fno-code "*.hs" &> error.log
-}
-
diff --git a/Rdatasets b/Rdatasets
--- a/Rdatasets
+++ b/Rdatasets
@@ -1 +1 @@
-Subproject commit 39e25770afa9dc503455b4f6fbd3753813866285
+Subproject commit 39e25770afa9dc503455b4f6fbd3753813866285-dirty
